[0.161s] DEBUG:colcon:Command line arguments: ['/usr/bin/colcon', 'build', '--packages-select', 'gearxmoveitconfig']
[0.161s] DEBUG:colcon:Parsed command line arguments: Namespace(log_base=None, log_level=None, verb_name='build', build_base='build', install_base='install', merge_install=False, symlink_install=False, test_result_base=None, continue_on_error=False, executor='parallel', parallel_workers=8, event_handlers=None, ignore_user_meta=False, metas=['./colcon.meta'], base_paths=['.'], packages_ignore=None, packages_ignore_regex=None, paths=None, packages_up_to=None, packages_up_to_regex=None, packages_above=None, packages_above_and_dependencies=None, packages_above_depth=None, packages_select_by_dep=None, packages_skip_by_dep=None, packages_skip_up_to=None, packages_select_build_failed=False, packages_skip_build_finished=False, packages_select_test_failures=False, packages_skip_test_passed=False, packages_select=['gearxmoveitconfig'], packages_skip=None, packages_select_regex=None, packages_skip_regex=None, packages_start=None, packages_end=None, allow_overriding=[], cmake_args=None, cmake_target=None, cmake_target_skip_unavailable=False, cmake_clean_cache=False, cmake_clean_first=False, cmake_force_configure=False, ament_cmake_args=None, catkin_cmake_args=None, catkin_skip_building_tests=False, verb_parser=<colcon_defaults.argument_parser.defaults.DefaultArgumentsDecorator object at 0x73d8425942c0>, verb_extension=<colcon_core.verb.build.BuildVerb object at 0x73d842594050>, main=<bound method BuildVerb.main of <colcon_core.verb.build.BuildVerb object at 0x73d842594050>>)
[0.260s] Level 1:colcon.colcon_core.package_discovery:discover_packages(colcon_meta) check parameters
[0.261s] Level 1:colcon.colcon_core.package_discovery:discover_packages(recursive) check parameters
[0.261s] Level 1:colcon.colcon_core.package_discovery:discover_packages(ignore) check parameters
[0.261s] Level 1:colcon.colcon_core.package_discovery:discover_packages(path) check parameters
[0.261s] Level 1:colcon.colcon_core.package_discovery:discover_packages(colcon_meta) discover
[0.261s] Level 1:colcon.colcon_core.package_discovery:discover_packages(recursive) discover
[0.261s] INFO:colcon.colcon_core.package_discovery:Crawling recursively for packages in '/home/karthikkrazy/robotcontrolled'
[0.261s] Level 1:colcon.colcon_core.package_identification:_identify(.) by extensions ['ignore', 'ignore_ament_install']
[0.261s] Level 1:colcon.colcon_core.package_identification:_identify(.) by extension 'ignore'
[0.261s] Level 1:colcon.colcon_core.package_identification:_identify(.) by extension 'ignore_ament_install'
[0.261s] Level 1:colcon.colcon_core.package_identification:_identify(.) by extensions ['colcon_pkg']
[0.261s] Level 1:colcon.colcon_core.package_identification:_identify(.) by extension 'colcon_pkg'
[0.261s] Level 1:colcon.colcon_core.package_identification:_identify(.) by extensions ['colcon_meta']
[0.261s] Level 1:colcon.colcon_core.package_identification:_identify(.) by extension 'colcon_meta'
[0.261s] Level 1:colcon.colcon_core.package_identification:_identify(.) by extensions ['ros']
[0.261s] Level 1:colcon.colcon_core.package_identification:_identify(.) by extension 'ros'
[0.284s] Level 1:colcon.colcon_core.package_identification:_identify(.) by extensions ['cmake', 'python']
[0.284s] Level 1:colcon.colcon_core.package_identification:_identify(.) by extension 'cmake'
[0.284s] Level 1:colcon.colcon_core.package_identification:_identify(.) by extension 'python'
[0.284s] Level 1:colcon.colcon_core.package_identification:_identify(.) by extensions ['python_setup_py']
[0.284s] Level 1:colcon.colcon_core.package_identification:_identify(.) by extension 'python_setup_py'
[0.285s] Level 1:colcon.colcon_core.package_identification:_identify(__pycache__) by extensions ['ignore', 'ignore_ament_install']
[0.285s] Level 1:colcon.colcon_core.package_identification:_identify(__pycache__) by extension 'ignore'
[0.285s] Level 1:colcon.colcon_core.package_identification:_identify(__pycache__) by extension 'ignore_ament_install'
[0.285s] Level 1:colcon.colcon_core.package_identification:_identify(__pycache__) by extensions ['colcon_pkg']
[0.285s] Level 1:colcon.colcon_core.package_identification:_identify(__pycache__) by extension 'colcon_pkg'
[0.285s] Level 1:colcon.colcon_core.package_identification:_identify(__pycache__) by extensions ['colcon_meta']
[0.285s] Level 1:colcon.colcon_core.package_identification:_identify(__pycache__) by extension 'colcon_meta'
[0.285s] Level 1:colcon.colcon_core.package_identification:_identify(__pycache__) by extensions ['ros']
[0.285s] Level 1:colcon.colcon_core.package_identification:_identify(__pycache__) by extension 'ros'
[0.285s] Level 1:colcon.colcon_core.package_identification:_identify(__pycache__) by extensions ['cmake', 'python']
[0.285s] Level 1:colcon.colcon_core.package_identification:_identify(__pycache__) by extension 'cmake'
[0.285s] Level 1:colcon.colcon_core.package_identification:_identify(__pycache__) by extension 'python'
[0.285s] Level 1:colcon.colcon_core.package_identification:_identify(__pycache__) by extensions ['python_setup_py']
[0.285s] Level 1:colcon.colcon_core.package_identification:_identify(__pycache__) by extension 'python_setup_py'
[0.285s] Level 1:colcon.colcon_core.package_identification:_identify(build) by extensions ['ignore', 'ignore_ament_install']
[0.285s] Level 1:colcon.colcon_core.package_identification:_identify(build) by extension 'ignore'
[0.285s] Level 1:colcon.colcon_core.package_identification:_identify(build) ignored
[0.285s] Level 1:colcon.colcon_core.package_identification:_identify(config_rviz2) by extensions ['ignore', 'ignore_ament_install']
[0.285s] Level 1:colcon.colcon_core.package_identification:_identify(config_rviz2) by extension 'ignore'
[0.285s] Level 1:colcon.colcon_core.package_identification:_identify(config_rviz2) by extension 'ignore_ament_install'
[0.285s] Level 1:colcon.colcon_core.package_identification:_identify(config_rviz2) by extensions ['colcon_pkg']
[0.285s] Level 1:colcon.colcon_core.package_identification:_identify(config_rviz2) by extension 'colcon_pkg'
[0.285s] Level 1:colcon.colcon_core.package_identification:_identify(config_rviz2) by extensions ['colcon_meta']
[0.285s] Level 1:colcon.colcon_core.package_identification:_identify(config_rviz2) by extension 'colcon_meta'
[0.286s] Level 1:colcon.colcon_core.package_identification:_identify(config_rviz2) by extensions ['ros']
[0.286s] Level 1:colcon.colcon_core.package_identification:_identify(config_rviz2) by extension 'ros'
[0.286s] Level 1:colcon.colcon_core.package_identification:_identify(config_rviz2) by extensions ['cmake', 'python']
[0.286s] Level 1:colcon.colcon_core.package_identification:_identify(config_rviz2) by extension 'cmake'
[0.286s] Level 1:colcon.colcon_core.package_identification:_identify(config_rviz2) by extension 'python'
[0.286s] Level 1:colcon.colcon_core.package_identification:_identify(config_rviz2) by extensions ['python_setup_py']
[0.286s] Level 1:colcon.colcon_core.package_identification:_identify(config_rviz2) by extension 'python_setup_py'
[0.286s] Level 1:colcon.colcon_core.package_identification:_identify(gearxmoveitconfig) by extensions ['ignore', 'ignore_ament_install']
[0.286s] Level 1:colcon.colcon_core.package_identification:_identify(gearxmoveitconfig) by extension 'ignore'
[0.286s] Level 1:colcon.colcon_core.package_identification:_identify(gearxmoveitconfig) by extension 'ignore_ament_install'
[0.286s] Level 1:colcon.colcon_core.package_identification:_identify(gearxmoveitconfig) by extensions ['colcon_pkg']
[0.286s] Level 1:colcon.colcon_core.package_identification:_identify(gearxmoveitconfig) by extension 'colcon_pkg'
[0.286s] Level 1:colcon.colcon_core.package_identification:_identify(gearxmoveitconfig) by extensions ['colcon_meta']
[0.286s] Level 1:colcon.colcon_core.package_identification:_identify(gearxmoveitconfig) by extension 'colcon_meta'
[0.286s] Level 1:colcon.colcon_core.package_identification:_identify(gearxmoveitconfig) by extensions ['ros']
[0.286s] Level 1:colcon.colcon_core.package_identification:_identify(gearxmoveitconfig) by extension 'ros'
[0.292s] DEBUG:colcon.colcon_core.package_identification:Package 'gearxmoveitconfig' with type 'ros.ament_cmake' and name 'gearxmoveitconfig'
[0.292s] Level 1:colcon.colcon_core.package_identification:_identify(install) by extensions ['ignore', 'ignore_ament_install']
[0.292s] Level 1:colcon.colcon_core.package_identification:_identify(install) by extension 'ignore'
[0.293s] Level 1:colcon.colcon_core.package_identification:_identify(install) ignored
[0.293s] Level 1:colcon.colcon_core.package_identification:_identify(log) by extensions ['ignore', 'ignore_ament_install']
[0.293s] Level 1:colcon.colcon_core.package_identification:_identify(log) by extension 'ignore'
[0.293s] Level 1:colcon.colcon_core.package_identification:_identify(log) ignored
[0.293s] Level 1:colcon.colcon_core.package_discovery:discover_packages(recursive) using defaults
[0.293s] Level 1:colcon.colcon_core.package_discovery:discover_packages(ignore) discover
[0.293s] Level 1:colcon.colcon_core.package_discovery:discover_packages(ignore) using defaults
[0.293s] Level 1:colcon.colcon_core.package_discovery:discover_packages(path) discover
[0.293s] Level 1:colcon.colcon_core.package_discovery:discover_packages(path) using defaults
[0.326s] Level 1:colcon.colcon_core.package_discovery:discover_packages(prefix_path) check parameters
[0.326s] Level 1:colcon.colcon_core.package_discovery:discover_packages(prefix_path) discover
[0.329s] DEBUG:colcon.colcon_installed_package_information.package_discovery:Found 1 installed packages in /home/karthikkrazy/robotcontrolled/install
[0.331s] DEBUG:colcon.colcon_installed_package_information.package_discovery:Found 334 installed packages in /opt/ros/jazzy
[0.332s] Level 1:colcon.colcon_core.package_discovery:discover_packages(prefix_path) using defaults
[0.375s] Level 5:colcon.colcon_core.verb:set package 'gearxmoveitconfig' build argument 'cmake_args' from command line to 'None'
[0.375s] Level 5:colcon.colcon_core.verb:set package 'gearxmoveitconfig' build argument 'cmake_target' from command line to 'None'
[0.375s] Level 5:colcon.colcon_core.verb:set package 'gearxmoveitconfig' build argument 'cmake_target_skip_unavailable' from command line to 'False'
[0.375s] Level 5:colcon.colcon_core.verb:set package 'gearxmoveitconfig' build argument 'cmake_clean_cache' from command line to 'False'
[0.375s] Level 5:colcon.colcon_core.verb:set package 'gearxmoveitconfig' build argument 'cmake_clean_first' from command line to 'False'
[0.375s] Level 5:colcon.colcon_core.verb:set package 'gearxmoveitconfig' build argument 'cmake_force_configure' from command line to 'False'
[0.376s] Level 5:colcon.colcon_core.verb:set package 'gearxmoveitconfig' build argument 'ament_cmake_args' from command line to 'None'
[0.376s] Level 5:colcon.colcon_core.verb:set package 'gearxmoveitconfig' build argument 'catkin_cmake_args' from command line to 'None'
[0.376s] Level 5:colcon.colcon_core.verb:set package 'gearxmoveitconfig' build argument 'catkin_skip_building_tests' from command line to 'False'
[0.376s] DEBUG:colcon.colcon_core.verb:Building package 'gearxmoveitconfig' with the following arguments: {'ament_cmake_args': None, 'build_base': '/home/karthikkrazy/robotcontrolled/build/gearxmoveitconfig', 'catkin_cmake_args': None, 'catkin_skip_building_tests': False, 'cmake_args': None, 'cmake_clean_cache': False, 'cmake_clean_first': False, 'cmake_force_configure': False, 'cmake_target': None, 'cmake_target_skip_unavailable': False, 'install_base': '/home/karthikkrazy/robotcontrolled/install/gearxmoveitconfig', 'merge_install': False, 'path': '/home/karthikkrazy/robotcontrolled/gearxmoveitconfig', 'symlink_install': False, 'test_result_base': None}
[0.376s] INFO:colcon.colcon_core.executor:Executing jobs using 'parallel' executor
[0.377s] DEBUG:colcon.colcon_parallel_executor.executor.parallel:run_until_complete
[0.377s] INFO:colcon.colcon_ros.task.ament_cmake.build:Building ROS package in '/home/karthikkrazy/robotcontrolled/gearxmoveitconfig' with build type 'ament_cmake'
[0.377s] INFO:colcon.colcon_cmake.task.cmake.build:Building CMake package in '/home/karthikkrazy/robotcontrolled/gearxmoveitconfig'
[0.387s] INFO:colcon.colcon_core.plugin_system:Skipping extension 'colcon_core.shell.bat': Not used on non-Windows systems
[0.389s] INFO:colcon.colcon_core.shell:Skip shell extension 'powershell' for command environment: Not usable outside of PowerShell
[0.389s] DEBUG:colcon.colcon_core.shell:Skip shell extension 'dsv' for command environment
[0.406s] DEBUG:colcon.colcon_core.event_handler.log_command:Invoking command in '/home/karthikkrazy/robotcontrolled/build/gearxmoveitconfig': CMAKE_PREFIX_PATH=${CMAKE_PREFIX_PATH}:/opt/ros/jazzy DEBUGINFOD_URLS=https://debuginfod.ubuntu.com /usr/bin/cmake --build /home/karthikkrazy/robotcontrolled/build/gearxmoveitconfig -- -j8 -l8
[0.445s] DEBUG:colcon.colcon_core.event_handler.log_command:Invoked command in '/home/karthikkrazy/robotcontrolled/build/gearxmoveitconfig' returned '0': CMAKE_PREFIX_PATH=${CMAKE_PREFIX_PATH}:/opt/ros/jazzy DEBUGINFOD_URLS=https://debuginfod.ubuntu.com /usr/bin/cmake --build /home/karthikkrazy/robotcontrolled/build/gearxmoveitconfig -- -j8 -l8
[0.454s] DEBUG:colcon.colcon_core.event_handler.log_command:Invoking command in '/home/karthikkrazy/robotcontrolled/build/gearxmoveitconfig': CMAKE_PREFIX_PATH=${CMAKE_PREFIX_PATH}:/opt/ros/jazzy DEBUGINFOD_URLS=https://debuginfod.ubuntu.com /usr/bin/cmake --install /home/karthikkrazy/robotcontrolled/build/gearxmoveitconfig
[0.466s] Level 1:colcon.colcon_core.environment:create_environment_scripts_only(gearxmoveitconfig)
[0.466s] DEBUG:colcon.colcon_core.event_handler.log_command:Invoked command in '/home/karthikkrazy/robotcontrolled/build/gearxmoveitconfig' returned '0': CMAKE_PREFIX_PATH=${CMAKE_PREFIX_PATH}:/opt/ros/jazzy DEBUGINFOD_URLS=https://debuginfod.ubuntu.com /usr/bin/cmake --install /home/karthikkrazy/robotcontrolled/build/gearxmoveitconfig
[0.468s] Level 1:colcon.colcon_core.environment:checking '/home/karthikkrazy/robotcontrolled/install/gearxmoveitconfig' for CMake module files
[0.468s] Level 1:colcon.colcon_core.environment:checking '/home/karthikkrazy/robotcontrolled/install/gearxmoveitconfig' for CMake config files
[0.468s] Level 1:colcon.colcon_core.shell:create_environment_hook('gearxmoveitconfig', 'cmake_prefix_path')
[0.469s] INFO:colcon.colcon_core.shell:Creating environment hook '/home/karthikkrazy/robotcontrolled/install/gearxmoveitconfig/share/gearxmoveitconfig/hook/cmake_prefix_path.ps1'
[0.469s] INFO:colcon.colcon_core.shell:Creating environment descriptor '/home/karthikkrazy/robotcontrolled/install/gearxmoveitconfig/share/gearxmoveitconfig/hook/cmake_prefix_path.dsv'
[0.469s] INFO:colcon.colcon_core.shell:Creating environment hook '/home/karthikkrazy/robotcontrolled/install/gearxmoveitconfig/share/gearxmoveitconfig/hook/cmake_prefix_path.sh'
[0.470s] Level 1:colcon.colcon_core.environment:checking '/home/karthikkrazy/robotcontrolled/install/gearxmoveitconfig/bin'
[0.470s] Level 1:colcon.colcon_core.environment:checking '/home/karthikkrazy/robotcontrolled/install/gearxmoveitconfig/lib/pkgconfig/gearxmoveitconfig.pc'
[0.471s] Level 1:colcon.colcon_core.environment:checking '/home/karthikkrazy/robotcontrolled/install/gearxmoveitconfig/lib/python3.12/site-packages'
[0.471s] Level 1:colcon.colcon_core.environment:checking '/home/karthikkrazy/robotcontrolled/install/gearxmoveitconfig/bin'
[0.471s] INFO:colcon.colcon_core.shell:Creating package script '/home/karthikkrazy/robotcontrolled/install/gearxmoveitconfig/share/gearxmoveitconfig/package.ps1'
[0.472s] INFO:colcon.colcon_core.shell:Creating package descriptor '/home/karthikkrazy/robotcontrolled/install/gearxmoveitconfig/share/gearxmoveitconfig/package.dsv'
[0.473s] INFO:colcon.colcon_core.shell:Creating package script '/home/karthikkrazy/robotcontrolled/install/gearxmoveitconfig/share/gearxmoveitconfig/package.sh'
[0.473s] INFO:colcon.colcon_core.shell:Creating package script '/home/karthikkrazy/robotcontrolled/install/gearxmoveitconfig/share/gearxmoveitconfig/package.bash'
[0.474s] INFO:colcon.colcon_core.shell:Creating package script '/home/karthikkrazy/robotcontrolled/install/gearxmoveitconfig/share/gearxmoveitconfig/package.zsh'
[0.474s] Level 1:colcon.colcon_core.environment:create_file_with_runtime_dependencies(/home/karthikkrazy/robotcontrolled/install/gearxmoveitconfig/share/colcon-core/packages/gearxmoveitconfig)
[0.474s] Level 1:colcon.colcon_core.environment:create_environment_scripts_only(gearxmoveitconfig)
[0.475s] Level 1:colcon.colcon_core.environment:checking '/home/karthikkrazy/robotcontrolled/install/gearxmoveitconfig' for CMake module files
[0.475s] Level 1:colcon.colcon_core.environment:checking '/home/karthikkrazy/robotcontrolled/install/gearxmoveitconfig' for CMake config files
[0.475s] Level 1:colcon.colcon_core.shell:create_environment_hook('gearxmoveitconfig', 'cmake_prefix_path')
[0.475s] INFO:colcon.colcon_core.shell:Creating environment hook '/home/karthikkrazy/robotcontrolled/install/gearxmoveitconfig/share/gearxmoveitconfig/hook/cmake_prefix_path.ps1'
[0.475s] INFO:colcon.colcon_core.shell:Creating environment descriptor '/home/karthikkrazy/robotcontrolled/install/gearxmoveitconfig/share/gearxmoveitconfig/hook/cmake_prefix_path.dsv'
[0.476s] INFO:colcon.colcon_core.shell:Creating environment hook '/home/karthikkrazy/robotcontrolled/install/gearxmoveitconfig/share/gearxmoveitconfig/hook/cmake_prefix_path.sh'
[0.476s] Level 1:colcon.colcon_core.environment:checking '/home/karthikkrazy/robotcontrolled/install/gearxmoveitconfig/bin'
[0.476s] Level 1:colcon.colcon_core.environment:checking '/home/karthikkrazy/robotcontrolled/install/gearxmoveitconfig/lib/pkgconfig/gearxmoveitconfig.pc'
[0.476s] Level 1:colcon.colcon_core.environment:checking '/home/karthikkrazy/robotcontrolled/install/gearxmoveitconfig/lib/python3.12/site-packages'
[0.477s] Level 1:colcon.colcon_core.environment:checking '/home/karthikkrazy/robotcontrolled/install/gearxmoveitconfig/bin'
[0.477s] INFO:colcon.colcon_core.shell:Creating package script '/home/karthikkrazy/robotcontrolled/install/gearxmoveitconfig/share/gearxmoveitconfig/package.ps1'
[0.477s] INFO:colcon.colcon_core.shell:Creating package descriptor '/home/karthikkrazy/robotcontrolled/install/gearxmoveitconfig/share/gearxmoveitconfig/package.dsv'
[0.478s] INFO:colcon.colcon_core.shell:Creating package script '/home/karthikkrazy/robotcontrolled/install/gearxmoveitconfig/share/gearxmoveitconfig/package.sh'
[0.478s] INFO:colcon.colcon_core.shell:Creating package script '/home/karthikkrazy/robotcontrolled/install/gearxmoveitconfig/share/gearxmoveitconfig/package.bash'
[0.478s] INFO:colcon.colcon_core.shell:Creating package script '/home/karthikkrazy/robotcontrolled/install/gearxmoveitconfig/share/gearxmoveitconfig/package.zsh'
[0.479s] Level 1:colcon.colcon_core.environment:create_file_with_runtime_dependencies(/home/karthikkrazy/robotcontrolled/install/gearxmoveitconfig/share/colcon-core/packages/gearxmoveitconfig)
[0.479s] DEBUG:colcon.colcon_parallel_executor.executor.parallel:closing loop
[0.479s] DEBUG:colcon.colcon_parallel_executor.executor.parallel:loop closed
[0.480s] DEBUG:colcon.colcon_parallel_executor.executor.parallel:run_until_complete finished with '0'
[0.480s] DEBUG:colcon.colcon_core.event_reactor:joining thread
[0.488s] INFO:colcon.colcon_core.plugin_system:Skipping extension 'colcon_notification.desktop_notification.terminal_notifier': Not used on non-Darwin systems
[0.490s] INFO:colcon.colcon_core.plugin_system:Skipping extension 'colcon_notification.desktop_notification.win32': Not used on non-Windows systems
[0.490s] INFO:colcon.colcon_notification.desktop_notification:Sending desktop notification using 'notify2'
[0.504s] DEBUG:colcon.colcon_core.event_reactor:joined thread
[0.505s] INFO:colcon.colcon_core.shell:Creating prefix script '/home/karthikkrazy/robotcontrolled/install/local_setup.ps1'
[0.506s] INFO:colcon.colcon_core.shell:Creating prefix util module '/home/karthikkrazy/robotcontrolled/install/_local_setup_util_ps1.py'
[0.506s] INFO:colcon.colcon_core.shell:Creating prefix chain script '/home/karthikkrazy/robotcontrolled/install/setup.ps1'
[0.509s] INFO:colcon.colcon_core.shell:Creating prefix script '/home/karthikkrazy/robotcontrolled/install/local_setup.sh'
[0.510s] INFO:colcon.colcon_core.shell:Creating prefix util module '/home/karthikkrazy/robotcontrolled/install/_local_setup_util_sh.py'
[0.511s] INFO:colcon.colcon_core.shell:Creating prefix chain script '/home/karthikkrazy/robotcontrolled/install/setup.sh'
[0.512s] INFO:colcon.colcon_core.shell:Creating prefix script '/home/karthikkrazy/robotcontrolled/install/local_setup.bash'
[0.513s] INFO:colcon.colcon_core.shell:Creating prefix chain script '/home/karthikkrazy/robotcontrolled/install/setup.bash'
[0.514s] INFO:colcon.colcon_core.shell:Creating prefix script '/home/karthikkrazy/robotcontrolled/install/local_setup.zsh'
[0.515s] INFO:colcon.colcon_core.shell:Creating prefix chain script '/home/karthikkrazy/robotcontrolled/install/setup.zsh'
