[0.029s] Invoking command in '/home/karthikkrazy/robotcontrolled/build/gearxmoveitconfig': CMAKE_PREFIX_PATH=${CMAKE_PREFIX_PATH}:/opt/ros/jazzy DEBUGINFOD_URLS=https://debuginfod.ubuntu.com /usr/bin/cmake --build /home/karthikkrazy/robotcontrolled/build/gearxmoveitconfig -- -j8 -l8
[0.068s] Invoked command in '/home/karthikkrazy/robotcontrolled/build/gearxmoveitconfig' returned '0': CMAKE_PREFIX_PATH=${CMAKE_PREFIX_PATH}:/opt/ros/jazzy DEBUGINFOD_URLS=https://debuginfod.ubuntu.com /usr/bin/cmake --build /home/karthikkrazy/robotcontrolled/build/gearxmoveitconfig -- -j8 -l8
[0.077s] Invoking command in '/home/karthikkrazy/robotcontrolled/build/gearxmoveitconfig': CMAKE_PREFIX_PATH=${CMAKE_PREFIX_PATH}:/opt/ros/jazzy DEBUGINFOD_URLS=https://debuginfod.ubuntu.com /usr/bin/cmake --install /home/karthikkrazy/robotcontrolled/build/gearxmoveitconfig
[0.085s] -- Install configuration: ""
[0.085s] -- Up-to-date: /home/karthikkrazy/robotcontrolled/install/gearxmoveitconfig/share/ament_index/resource_index/package_run_dependencies/gearxmoveitconfig
[0.085s] -- Up-to-date: /home/karthikkrazy/robotcontrolled/install/gearxmoveitconfig/share/ament_index/resource_index/parent_prefix_path/gearxmoveitconfig
[0.085s] -- Up-to-date: /home/karthikkrazy/robotcontrolled/install/gearxmoveitconfig/share/gearxmoveitconfig/environment/ament_prefix_path.sh
[0.085s] -- Up-to-date: /home/karthikkrazy/robotcontrolled/install/gearxmoveitconfig/share/gearxmoveitconfig/environment/ament_prefix_path.dsv
[0.085s] -- Up-to-date: /home/karthikkrazy/robotcontrolled/install/gearxmoveitconfig/share/gearxmoveitconfig/environment/path.sh
[0.085s] -- Up-to-date: /home/karthikkrazy/robotcontrolled/install/gearxmoveitconfig/share/gearxmoveitconfig/environment/path.dsv
[0.085s] -- Up-to-date: /home/karthikkrazy/robotcontrolled/install/gearxmoveitconfig/share/gearxmoveitconfig/local_setup.bash
[0.085s] -- Up-to-date: /home/karthikkrazy/robotcontrolled/install/gearxmoveitconfig/share/gearxmoveitconfig/local_setup.sh
[0.086s] -- Up-to-date: /home/karthikkrazy/robotcontrolled/install/gearxmoveitconfig/share/gearxmoveitconfig/local_setup.zsh
[0.086s] -- Up-to-date: /home/karthikkrazy/robotcontrolled/install/gearxmoveitconfig/share/gearxmoveitconfig/local_setup.dsv
[0.086s] -- Installing: /home/karthikkrazy/robotcontrolled/install/gearxmoveitconfig/share/gearxmoveitconfig/package.dsv
[0.086s] -- Up-to-date: /home/karthikkrazy/robotcontrolled/install/gearxmoveitconfig/share/ament_index/resource_index/packages/gearxmoveitconfig
[0.086s] -- Up-to-date: /home/karthikkrazy/robotcontrolled/install/gearxmoveitconfig/share/gearxmoveitconfig/cmake/gearxmoveitconfigConfig.cmake
[0.086s] -- Up-to-date: /home/karthikkrazy/robotcontrolled/install/gearxmoveitconfig/share/gearxmoveitconfig/cmake/gearxmoveitconfigConfig-version.cmake
[0.086s] -- Up-to-date: /home/karthikkrazy/robotcontrolled/install/gearxmoveitconfig/share/gearxmoveitconfig/package.xml
[0.086s] -- Up-to-date: /home/karthikkrazy/robotcontrolled/install/gearxmoveitconfig/share/gearxmoveitconfig/launch
[0.086s] -- Up-to-date: /home/karthikkrazy/robotcontrolled/install/gearxmoveitconfig/share/gearxmoveitconfig/launch/moveit_rviz.launch.py
[0.086s] -- Up-to-date: /home/karthikkrazy/robotcontrolled/install/gearxmoveitconfig/share/gearxmoveitconfig/launch/demo.launch.py
[0.086s] -- Up-to-date: /home/karthikkrazy/robotcontrolled/install/gearxmoveitconfig/share/gearxmoveitconfig/launch/rsp.launch.py
[0.086s] -- Installing: /home/karthikkrazy/robotcontrolled/install/gearxmoveitconfig/share/gearxmoveitconfig/launch/move_group.launch.py
[0.088s] -- Up-to-date: /home/karthikkrazy/robotcontrolled/install/gearxmoveitconfig/share/gearxmoveitconfig/launch/warehouse_db.launch.py
[0.088s] -- Up-to-date: /home/karthikkrazy/robotcontrolled/install/gearxmoveitconfig/share/gearxmoveitconfig/launch/static_virtual_joint_tfs.launch.py
[0.088s] -- Up-to-date: /home/karthikkrazy/robotcontrolled/install/gearxmoveitconfig/share/gearxmoveitconfig/launch/spawn_controllers.launch.py
[0.088s] -- Up-to-date: /home/karthikkrazy/robotcontrolled/install/gearxmoveitconfig/share/gearxmoveitconfig/launch/setup_assistant.launch.py
[0.088s] -- Up-to-date: /home/karthikkrazy/robotcontrolled/install/gearxmoveitconfig/share/gearxmoveitconfig/config
[0.088s] -- Up-to-date: /home/karthikkrazy/robotcontrolled/install/gearxmoveitconfig/share/gearxmoveitconfig/config/kinematics.yaml
[0.088s] -- Up-to-date: /home/karthikkrazy/robotcontrolled/install/gearxmoveitconfig/share/gearxmoveitconfig/config/pilz_cartesian_limits.yaml
[0.088s] -- Up-to-date: /home/karthikkrazy/robotcontrolled/install/gearxmoveitconfig/share/gearxmoveitconfig/config/ros2_controllers.yaml
[0.088s] -- Up-to-date: /home/karthikkrazy/robotcontrolled/install/gearxmoveitconfig/share/gearxmoveitconfig/config/moveit.rviz
[0.088s] -- Up-to-date: /home/karthikkrazy/robotcontrolled/install/gearxmoveitconfig/share/gearxmoveitconfig/config/gearx_robot.srdf
[0.088s] -- Up-to-date: /home/karthikkrazy/robotcontrolled/install/gearxmoveitconfig/share/gearxmoveitconfig/config/joint_limits.yaml
[0.088s] -- Up-to-date: /home/karthikkrazy/robotcontrolled/install/gearxmoveitconfig/share/gearxmoveitconfig/.setup_assistant
[0.089s] Invoked command in '/home/karthikkrazy/robotcontrolled/build/gearxmoveitconfig' returned '0': CMAKE_PREFIX_PATH=${CMAKE_PREFIX_PATH}:/opt/ros/jazzy DEBUGINFOD_URLS=https://debuginfod.ubuntu.com /usr/bin/cmake --install /home/karthikkrazy/robotcontrolled/build/gearxmoveitconfig
