[0.016s] Invoking command in '/home/karthikkrazy/robotcontrolled/build/gearxmoveitconfig': CMAKE_PREFIX_PATH=${CMAKE_PREFIX_PATH}:/opt/ros/jazzy DEBUGINFOD_URLS=https://debuginfod.ubuntu.com /usr/bin/cmake /home/karthikkrazy/robotcontrolled/gearxmoveitconfig -DCMAKE_INSTALL_PREFIX=/home/karthikkrazy/robotcontrolled/install/gearxmoveitconfig
[0.073s] -- The C compiler identification is GNU 13.3.0
[0.138s] -- The CXX compiler identification is GNU 13.3.0
[0.150s] -- Detecting C compiler ABI info
[0.252s] -- Detecting C compiler ABI info - done
[0.260s] -- Check for working C compiler: /usr/bin/cc - skipped
[0.260s] -- Detecting C compile features
[0.261s] -- Detecting C compile features - done
[0.271s] -- Detecting CXX compiler ABI info
[0.364s] -- Detecting CXX compiler ABI info - done
[0.372s] -- Check for working CXX compiler: /usr/bin/c++ - skipped
[0.372s] -- Detecting CXX compile features
[0.373s] -- Detecting CXX compile features - done
[0.379s] -- Found ament_cmake: 2.5.6 (/opt/ros/jazzy/share/ament_cmake/cmake)
[0.511s] -- Found Python3: /usr/bin/python3 (found version "3.12.3") found components: Interpreter 
[0.709s] -- Configuring done (0.7s)
[0.711s] -- Generating done (0.0s)
[0.713s] -- Build files have been written to: /home/karthikkrazy/robotcontrolled/build/gearxmoveitconfig
[0.716s] Invoked command in '/home/karthikkrazy/robotcontrolled/build/gearxmoveitconfig' returned '0': CMAKE_PREFIX_PATH=${CMAKE_PREFIX_PATH}:/opt/ros/jazzy DEBUGINFOD_URLS=https://debuginfod.ubuntu.com /usr/bin/cmake /home/karthikkrazy/robotcontrolled/gearxmoveitconfig -DCMAKE_INSTALL_PREFIX=/home/karthikkrazy/robotcontrolled/install/gearxmoveitconfig
[0.717s] Invoking command in '/home/karthikkrazy/robotcontrolled/build/gearxmoveitconfig': CMAKE_PREFIX_PATH=${CMAKE_PREFIX_PATH}:/opt/ros/jazzy DEBUGINFOD_URLS=https://debuginfod.ubuntu.com /usr/bin/cmake --build /home/karthikkrazy/robotcontrolled/build/gearxmoveitconfig -- -j8 -l8
[0.748s] Invoked command in '/home/karthikkrazy/robotcontrolled/build/gearxmoveitconfig' returned '0': CMAKE_PREFIX_PATH=${CMAKE_PREFIX_PATH}:/opt/ros/jazzy DEBUGINFOD_URLS=https://debuginfod.ubuntu.com /usr/bin/cmake --build /home/karthikkrazy/robotcontrolled/build/gearxmoveitconfig -- -j8 -l8
[0.756s] Invoking command in '/home/karthikkrazy/robotcontrolled/build/gearxmoveitconfig': CMAKE_PREFIX_PATH=${CMAKE_PREFIX_PATH}:/opt/ros/jazzy DEBUGINFOD_URLS=https://debuginfod.ubuntu.com /usr/bin/cmake --install /home/karthikkrazy/robotcontrolled/build/gearxmoveitconfig
[0.762s] -- Install configuration: ""
[0.762s] -- Installing: /home/karthikkrazy/robotcontrolled/install/gearxmoveitconfig/share/ament_index/resource_index/package_run_dependencies/gearxmoveitconfig
[0.762s] -- Installing: /home/karthikkrazy/robotcontrolled/install/gearxmoveitconfig/share/ament_index/resource_index/parent_prefix_path/gearxmoveitconfig
[0.762s] -- Installing: /home/karthikkrazy/robotcontrolled/install/gearxmoveitconfig/share/gearxmoveitconfig/environment/ament_prefix_path.sh
[0.762s] -- Installing: /home/karthikkrazy/robotcontrolled/install/gearxmoveitconfig/share/gearxmoveitconfig/environment/ament_prefix_path.dsv
[0.762s] -- Installing: /home/karthikkrazy/robotcontrolled/install/gearxmoveitconfig/share/gearxmoveitconfig/environment/path.sh
[0.762s] -- Installing: /home/karthikkrazy/robotcontrolled/install/gearxmoveitconfig/share/gearxmoveitconfig/environment/path.dsv
[0.762s] -- Installing: /home/karthikkrazy/robotcontrolled/install/gearxmoveitconfig/share/gearxmoveitconfig/local_setup.bash
[0.762s] -- Installing: /home/karthikkrazy/robotcontrolled/install/gearxmoveitconfig/share/gearxmoveitconfig/local_setup.sh
[0.762s] -- Installing: /home/karthikkrazy/robotcontrolled/install/gearxmoveitconfig/share/gearxmoveitconfig/local_setup.zsh
[0.762s] -- Installing: /home/karthikkrazy/robotcontrolled/install/gearxmoveitconfig/share/gearxmoveitconfig/local_setup.dsv
[0.763s] -- Installing: /home/karthikkrazy/robotcontrolled/install/gearxmoveitconfig/share/gearxmoveitconfig/package.dsv
[0.763s] -- Installing: /home/karthikkrazy/robotcontrolled/install/gearxmoveitconfig/share/ament_index/resource_index/packages/gearxmoveitconfig
[0.763s] -- Installing: /home/karthikkrazy/robotcontrolled/install/gearxmoveitconfig/share/gearxmoveitconfig/cmake/gearxmoveitconfigConfig.cmake
[0.763s] -- Installing: /home/karthikkrazy/robotcontrolled/install/gearxmoveitconfig/share/gearxmoveitconfig/cmake/gearxmoveitconfigConfig-version.cmake
[0.763s] -- Installing: /home/karthikkrazy/robotcontrolled/install/gearxmoveitconfig/share/gearxmoveitconfig/package.xml
[0.763s] -- Installing: /home/karthikkrazy/robotcontrolled/install/gearxmoveitconfig/share/gearxmoveitconfig/launch
[0.763s] -- Installing: /home/karthikkrazy/robotcontrolled/install/gearxmoveitconfig/share/gearxmoveitconfig/launch/moveit_rviz.launch.py
[0.763s] -- Installing: /home/karthikkrazy/robotcontrolled/install/gearxmoveitconfig/share/gearxmoveitconfig/launch/demo.launch.py
[0.763s] -- Installing: /home/karthikkrazy/robotcontrolled/install/gearxmoveitconfig/share/gearxmoveitconfig/launch/rsp.launch.py
[0.763s] -- Installing: /home/karthikkrazy/robotcontrolled/install/gearxmoveitconfig/share/gearxmoveitconfig/launch/move_group.launch.py
[0.763s] -- Installing: /home/karthikkrazy/robotcontrolled/install/gearxmoveitconfig/share/gearxmoveitconfig/launch/warehouse_db.launch.py
[0.763s] -- Installing: /home/karthikkrazy/robotcontrolled/install/gearxmoveitconfig/share/gearxmoveitconfig/launch/static_virtual_joint_tfs.launch.py
[0.763s] -- Installing: /home/karthikkrazy/robotcontrolled/install/gearxmoveitconfig/share/gearxmoveitconfig/launch/spawn_controllers.launch.py
[0.763s] -- Installing: /home/karthikkrazy/robotcontrolled/install/gearxmoveitconfig/share/gearxmoveitconfig/launch/setup_assistant.launch.py
[0.764s] -- Installing: /home/karthikkrazy/robotcontrolled/install/gearxmoveitconfig/share/gearxmoveitconfig/config
[0.764s] -- Installing: /home/karthikkrazy/robotcontrolled/install/gearxmoveitconfig/share/gearxmoveitconfig/config/kinematics.yaml
[0.764s] -- Installing: /home/karthikkrazy/robotcontrolled/install/gearxmoveitconfig/share/gearxmoveitconfig/config/pilz_cartesian_limits.yaml
[0.764s] -- Installing: /home/karthikkrazy/robotcontrolled/install/gearxmoveitconfig/share/gearxmoveitconfig/config/ros2_controllers.yaml
[0.764s] -- Installing: /home/karthikkrazy/robotcontrolled/install/gearxmoveitconfig/share/gearxmoveitconfig/config/moveit.rviz
[0.764s] -- Installing: /home/karthikkrazy/robotcontrolled/install/gearxmoveitconfig/share/gearxmoveitconfig/config/gearx_robot.srdf
[0.764s] -- Installing: /home/karthikkrazy/robotcontrolled/install/gearxmoveitconfig/share/gearxmoveitconfig/config/joint_limits.yaml
[0.764s] -- Installing: /home/karthikkrazy/robotcontrolled/install/gearxmoveitconfig/share/gearxmoveitconfig/.setup_assistant
[0.765s] Invoked command in '/home/karthikkrazy/robotcontrolled/build/gearxmoveitconfig' returned '0': CMAKE_PREFIX_PATH=${CMAKE_PREFIX_PATH}:/opt/ros/jazzy DEBUGINFOD_URLS=https://debuginfod.ubuntu.com /usr/bin/cmake --install /home/karthikkrazy/robotcontrolled/build/gearxmoveitconfig
